<?xml version="1.0" encoding="UTF-8"?>
<Site BuildName="(empty)"
	BuildStamp="20250909-0126-Experimental"
	Name="(empty)"
	Generator="ctest-4.1.1"
	CompilerName=""
	CompilerVersion=""
	OSName="Linux"
	Hostname="arch-btrfs"
	OSRelease="6.16.4-arch1-1"
	OSVersion="#1 SMP PREEMPT_DYNAMIC Thu, 28 Aug 2025 19:49:53 +0000"
	OSPlatform="x86_64"
	Is64Bits="1"
	VendorString="GenuineIntel"
	VendorID="Intel Corporation"
	FamilyID="6"
	ModelID="154"
	ModelName="12th Gen Intel(R) Core(TM) i7-12650H"
	ProcessorCacheSize="24576"
	NumberOfLogicalCPU="16"
	NumberOfPhysicalCPU="10"
	TotalVirtualMemory="4095"
	TotalPhysicalMemory="64001"
	LogicalProcessorsPerPhysical="1"
	ProcessorClockFrequency="930.461"
	>
	<Testing>
		<StartDateTime>Sep 08 20:26 CDT</StartDateTime>
		<StartTestTime>1757381183</StartTestTime>
		<TestList/>
		<EndDateTime>Sep 08 20:26 CDT</EndDateTime>
		<EndTestTime>1757381183</EndTestTime>
		<ElapsedMinutes>0</ElapsedMinutes>
	</Testing>
</Site>
